C51 COMPILER V9.51   PROG1                                                                 04/12/2022 12:46:41 PAGE 1   


C51 COMPILER V9.51, COMPILATION OF MODULE PROG1
OBJECT MODULE PLACED IN prog1.OBJ
COMPILER INVOKED BY: C:\Keil\C51\BIN\C51.EXE prog1.c BROWSE DEBUG OBJECTEXTEND TABS(2)

line level    source

   1          #include <REGX52.H>
   2          
   3          void Delay(void)
   4          {
   5   1         unsigned char i;
   6   1         unsigned char j;
   7   1         for(i=0;i<100;i++)
   8   1         {
   9   2            for(j=0;j<200;j++)
  10   2            { ; }
  11   2         }
  12   1      } 
  13          
  14          
  15          void main(void)
  16          {
  17   1        P2 = 0xFE;
  18   1        while(1)
  19   1         {
  20   2            Delay ();
  21   2            switch(P2)
  22   2            {
  23   3                case 0xFE: P2 = 0xFD; break;
  24   3                case 0xFD: P2 = 0xFB; break;
  25   3                case 0xFB: P2 = 0xF7; break;
  26   3                case 0xF7: P2 = 0xEF; break;
  27   3                case 0xEF: P2 = 0xDF; break;
  28   3                case 0xDF: P2 = 0xBF; break;
  29   3                case 0xBF: P2 = 0x7F; break;
  30   3                case 0x7F: P2 = 0xFE; break;
  31   3            }
  32   2            Delay ();
  33   2         }
  34   1      }


MODULE INFORMATION:   STATIC OVERLAYABLE
   CODE SIZE        =     96    ----
   CONSTANT SIZE    =   ----    ----
   XDATA SIZE       =   ----    ----
   PDATA SIZE       =   ----    ----
   DATA SIZE        =   ----    ----
   IDATA SIZE       =   ----    ----
   BIT SIZE         =   ----    ----
END OF MODULE INFORMATION.


C51 COMPILATION COMPLETE.  0 WARNING(S),  0 ERROR(S)
